{"C:\\Users\\HP\\Desktop\\product\\product-catalog-api\\src\\adpaters\\repositories\\product-repositories.ts": {"path":"C:\\Users\\HP\\Desktop\\product\\product-catalog-api\\src\\adpaters\\repositories\\product-repositories.ts","statementMap":{"0":{"start":{"line":1,"column":0},"end":{"line":1,"column":58}},"1":{"start":{"line":2,"column":0},"end":{"line":2,"column":88}},"2":{"start":{"line":6,"column":30},"end":{"line":10,"column":2}},"3":{"start":{"line":12,"column":45},"end":{"line":12,"column":93}},"4":{"start":{"line":16,"column":20},"end":{"line":16,"column":54}},"5":{"start":{"line":17,"column":4},"end":{"line":17,"column":19}},"6":{"start":{"line":21,"column":4},"end":{"line":21,"column":49}},"7":{"start":{"line":25,"column":4},"end":{"line":25,"column":76}},"8":{"start":{"line":29,"column":4},"end":{"line":29,"column":52}},"9":{"start":{"line":33,"column":4},"end":{"line":33,"column":37}},"10":{"start":{"line":36,"column":15},"end":{"line":42,"column":null}},"11":{"start":{"line":37,"column":23},"end":{"line":37,"column":25}},"12":{"start":{"line":38,"column":4},"end":{"line":38,"column":59}},"13":{"start":{"line":38,"column":14},"end":{"line":38,"column":59}},"14":{"start":{"line":39,"column":4},"end":{"line":39,"column":67}},"15":{"start":{"line":39,"column":18},"end":{"line":39,"column":67}},"16":{"start":{"line":40,"column":4},"end":{"line":40,"column":67}},"17":{"start":{"line":40,"column":18},"end":{"line":40,"column":67}},"18":{"start":{"line":41,"column":4},"end":{"line":41,"column":42}},"19":{"start":{"line":14,"column":0},"end":{"line":14,"column":13}}},"fnMap":{"0":{"name":"(anonymous_7)","decl":{"start":{"line":15,"column":8},"end":{"line":15,"column":14}},"loc":{"start":{"line":15,"column":35},"end":{"line":18,"column":null}}},"1":{"name":"(anonymous_9)","decl":{"start":{"line":20,"column":8},"end":{"line":20,"column":16}},"loc":{"start":{"line":20,"column":27},"end":{"line":22,"column":null}}},"2":{"name":"(anonymous_11)","decl":{"start":{"line":24,"column":8},"end":{"line":24,"column":14}},"loc":{"start":{"line":24,"column":47},"end":{"line":26,"column":null}}},"3":{"name":"(anonymous_13)","decl":{"start":{"line":28,"column":8},"end":{"line":28,"column":14}},"loc":{"start":{"line":28,"column":25},"end":{"line":30,"column":null}}},"4":{"name":"(anonymous_15)","decl":{"start":{"line":32,"column":8},"end":{"line":32,"column":15}},"loc":{"start":{"line":32,"column":15},"end":{"line":34,"column":null}}},"5":{"name":"(anonymous_17)","decl":{"start":{"line":36,"column":8},"end":{"line":36,"column":14}},"loc":{"start":{"line":36,"column":14},"end":{"line":42,"column":null}}},"6":{"name":"(anonymous_18)","decl":{"start":{"line":36,"column":15},"end":{"line":36,"column":17}},"loc":{"start":{"line":36,"column":57},"end":{"line":42,"column":3}}}},"branchMap":{"0":{"loc":{"start":{"line":38,"column":4},"end":{"line":38,"column":59}},"type":"if","locations":[{"start":{"line":38,"column":4},"end":{"line":38,"column":59}}]},"1":{"loc":{"start":{"line":39,"column":4},"end":{"line":39,"column":67}},"type":"if","locations":[{"start":{"line":39,"column":4},"end":{"line":39,"column":67}}]},"2":{"loc":{"start":{"line":40,"column":4},"end":{"line":40,"column":67}},"type":"if","locations":[{"start":{"line":40,"column":4},"end":{"line":40,"column":67}}]}},"s":{"0":1,"1":1,"2":1,"3":1,"4":2,"5":2,"6":2,"7":0,"8":0,"9":0,"10":0,"11":0,"12":0,"13":0,"14":0,"15":0,"16":0,"17":0,"18":0,"19":1},"f":{"0":2,"1":2,"2":0,"3":0,"4":0,"5":0,"6":0},"b":{"0":[0],"1":[0],"2":[0]}}
,"C:\\Users\\HP\\Desktop\\product\\product-catalog-api\\src\\domain\\entities\\product.ts": {"path":"C:\\Users\\HP\\Desktop\\product\\product-catalog-api\\src\\domain\\entities\\product.ts","statementMap":{"0":{"start":{"line":15,"column":6},"end":{"line":15,"column":19}},"1":{"start":{"line":16,"column":6},"end":{"line":16,"column":23}},"2":{"start":{"line":17,"column":6},"end":{"line":17,"column":25}},"3":{"start":{"line":18,"column":6},"end":{"line":18,"column":25}},"4":{"start":{"line":8,"column":2},"end":{"line":8,"column":15}}},"fnMap":{"0":{"name":"(anonymous_0)","decl":{"start":{"line":14,"column":4},"end":{"line":14,"column":16}},"loc":{"start":{"line":14,"column":55},"end":{"line":19,"column":5}}}},"branchMap":{},"s":{"0":2,"1":2,"2":2,"3":2,"4":1},"f":{"0":2},"b":{}}
,"C:\\Users\\HP\\Desktop\\product\\product-catalog-api\\src\\domain\\ports\\product-repository.ts": {"path":"C:\\Users\\HP\\Desktop\\product\\product-catalog-api\\src\\domain\\ports\\product-repository.ts","statementMap":{"0":{"start":{"line":9,"column":0},"end":{"line":9,"column":22}}},"fnMap":{},"branchMap":{},"s":{"0":1},"f":{},"b":{}}
,"C:\\Users\\HP\\Desktop\\product\\product-catalog-api\\src\\domain\\services\\product-services.ts": {"path":"C:\\Users\\HP\\Desktop\\product\\product-catalog-api\\src\\domain\\services\\product-services.ts","statementMap":{"0":{"start":{"line":1,"column":0},"end":{"line":1,"column":59}},"1":{"start":{"line":5,"column":22},"end":{"line":5,"column":58}},"2":{"start":{"line":8,"column":20},"end":{"line":8,"column":37}},"3":{"start":{"line":9,"column":4},"end":{"line":9,"column":56}},"4":{"start":{"line":13,"column":4},"end":{"line":13,"column":55}},"5":{"start":{"line":13,"column":13},"end":{"line":13,"column":55}},"6":{"start":{"line":14,"column":20},"end":{"line":14,"column":61}},"7":{"start":{"line":15,"column":4},"end":{"line":15,"column":55}},"8":{"start":{"line":15,"column":18},"end":{"line":15,"column":55}},"9":{"start":{"line":16,"column":4},"end":{"line":16,"column":19}},"10":{"start":{"line":21,"column":4},"end":{"line":21,"column":55}},"11":{"start":{"line":21,"column":13},"end":{"line":21,"column":55}},"12":{"start":{"line":22,"column":20},"end":{"line":22,"column":48}},"13":{"start":{"line":23,"column":20},"end":{"line":23,"column":68}},"14":{"start":{"line":24,"column":4},"end":{"line":24,"column":55}},"15":{"start":{"line":24,"column":18},"end":{"line":24,"column":55}},"16":{"start":{"line":25,"column":4},"end":{"line":25,"column":19}},"17":{"start":{"line":29,"column":4},"end":{"line":29,"column":55}},"18":{"start":{"line":29,"column":13},"end":{"line":29,"column":55}},"19":{"start":{"line":30,"column":20},"end":{"line":30,"column":59}},"20":{"start":{"line":31,"column":4},"end":{"line":31,"column":55}},"21":{"start":{"line":31,"column":18},"end":{"line":31,"column":55}},"22":{"start":{"line":35,"column":4},"end":{"line":35,"column":50}},"23":{"start":{"line":39,"column":4},"end":{"line":39,"column":55}},"24":{"start":{"line":4,"column":0},"end":{"line":4,"column":13}}},"fnMap":{"0":{"name":"(anonymous_7)","decl":{"start":{"line":5,"column":2},"end":{"line":5,"column":22}},"loc":{"start":{"line":5,"column":58},"end":{"line":5,"column":62}}},"1":{"name":"(anonymous_8)","decl":{"start":{"line":7,"column":8},"end":{"line":7,"column":21}},"loc":{"start":{"line":7,"column":39},"end":{"line":10,"column":null}}},"2":{"name":"(anonymous_10)","decl":{"start":{"line":12,"column":8},"end":{"line":12,"column":22}},"loc":{"start":{"line":12,"column":33},"end":{"line":17,"column":null}}},"3":{"name":"(anonymous_12)","decl":{"start":{"line":20,"column":8},"end":{"line":20,"column":21}},"loc":{"start":{"line":20,"column":51},"end":{"line":26,"column":null}}},"4":{"name":"(anonymous_14)","decl":{"start":{"line":28,"column":8},"end":{"line":28,"column":21}},"loc":{"start":{"line":28,"column":32},"end":{"line":32,"column":null}}},"5":{"name":"(anonymous_16)","decl":{"start":{"line":34,"column":8},"end":{"line":34,"column":22}},"loc":{"start":{"line":34,"column":22},"end":{"line":36,"column":null}}},"6":{"name":"(anonymous_18)","decl":{"start":{"line":38,"column":8},"end":{"line":38,"column":22}},"loc":{"start":{"line":38,"column":43},"end":{"line":40,"column":null}}}},"branchMap":{"0":{"loc":{"start":{"line":13,"column":4},"end":{"line":13,"column":55}},"type":"if","locations":[{"start":{"line":13,"column":4},"end":{"line":13,"column":55}}]},"1":{"loc":{"start":{"line":15,"column":4},"end":{"line":15,"column":55}},"type":"if","locations":[{"start":{"line":15,"column":4},"end":{"line":15,"column":55}}]},"2":{"loc":{"start":{"line":21,"column":4},"end":{"line":21,"column":55}},"type":"if","locations":[{"start":{"line":21,"column":4},"end":{"line":21,"column":55}}]},"3":{"loc":{"start":{"line":24,"column":4},"end":{"line":24,"column":55}},"type":"if","locations":[{"start":{"line":24,"column":4},"end":{"line":24,"column":55}}]},"4":{"loc":{"start":{"line":29,"column":4},"end":{"line":29,"column":55}},"type":"if","locations":[{"start":{"line":29,"column":4},"end":{"line":29,"column":55}}]},"5":{"loc":{"start":{"line":31,"column":4},"end":{"line":31,"column":55}},"type":"if","locations":[{"start":{"line":31,"column":4},"end":{"line":31,"column":55}}]}},"s":{"0":1,"1":1,"2":2,"3":2,"4":2,"5":0,"6":2,"7":2,"8":1,"9":1,"10":0,"11":0,"12":0,"13":0,"14":0,"15":0,"16":0,"17":0,"18":0,"19":0,"20":0,"21":0,"22":0,"23":0,"24":1},"f":{"0":1,"1":2,"2":2,"3":0,"4":0,"5":0,"6":0},"b":{"0":[0],"1":[1],"2":[0],"3":[0],"4":[0],"5":[0]}}
}
