TN:
SF:src\adpaters\repositories\product-repositories.ts
FN:15,(anonymous_7)
FN:20,(anonymous_9)
FN:24,(anonymous_11)
FN:28,(anonymous_13)
FN:32,(anonymous_15)
FN:36,(anonymous_17)
FN:36,(anonymous_18)
FNF:7
FNH:2
FNDA:2,(anonymous_7)
FNDA:2,(anonymous_9)
FNDA:0,(anonymous_11)
FNDA:0,(anonymous_13)
FNDA:0,(anonymous_15)
FNDA:0,(anonymous_17)
FNDA:0,(anonymous_18)
DA:1,1
DA:2,1
DA:6,1
DA:12,1
DA:14,1
DA:16,2
DA:17,2
DA:21,2
DA:25,0
DA:29,0
DA:33,0
DA:36,0
DA:37,0
DA:38,0
DA:39,0
DA:40,0
DA:41,0
LF:17
LH:8
BRDA:38,0,0,0
BRDA:39,1,0,0
BRDA:40,2,0,0
BRF:3
BRH:0
end_of_record
TN:
SF:src\domain\entities\product.ts
FN:14,(anonymous_0)
FNF:1
FNH:1
FNDA:2,(anonymous_0)
DA:8,1
DA:15,2
DA:16,2
DA:17,2
DA:18,2
LF:5
LH:5
BRF:0
BRH:0
end_of_record
TN:
SF:src\domain\ports\product-repository.ts
FNF:0
FNH:0
DA:9,1
LF:1
LH:1
BRF:0
BRH:0
end_of_record
TN:
SF:src\domain\services\product-services.ts
FN:5,(anonymous_7)
FN:7,(anonymous_8)
FN:12,(anonymous_10)
FN:20,(anonymous_12)
FN:28,(anonymous_14)
FN:34,(anonymous_16)
FN:38,(anonymous_18)
FNF:7
FNH:3
FNDA:1,(anonymous_7)
FNDA:2,(anonymous_8)
FNDA:2,(anonymous_10)
FNDA:0,(anonymous_12)
FNDA:0,(anonymous_14)
FNDA:0,(anonymous_16)
FNDA:0,(anonymous_18)
DA:1,1
DA:4,1
DA:5,1
DA:8,2
DA:9,2
DA:13,2
DA:14,2
DA:15,2
DA:16,1
DA:21,0
DA:22,0
DA:23,0
DA:24,0
DA:25,0
DA:29,0
DA:30,0
DA:31,0
DA:35,0
DA:39,0
LF:19
LH:9
BRDA:13,0,0,0
BRDA:15,1,0,1
BRDA:21,2,0,0
BRDA:24,3,0,0
BRDA:29,4,0,0
BRDA:31,5,0,0
BRF:6
BRH:1
end_of_record
